<?xml version="1.0" encoding="UTF-8"?>
<!-- Generated by org.testng.reporters.JUnitXMLReporter -->
<testsuite ignored="0" hostname="LAPTOP-K1NIHIEC" failures="2" tests="4" name="Test" time="118.024" errors="0" timestamp="2025-10-15T21:22:23 IST">
  <testcase classname="io.cucumber.testng.AbstractTestNGCucumberTests" name="runScenario" time="12.669"/>
  <testcase classname="io.cucumber.testng.AbstractTestNGCucumberTests" name="runScenario" time="15.557">
    <failure type="org.openqa.selenium.NoSuchElementException" message="Unable to locate element: //*[@id=&amp;apos;nav-cart123&amp;apos;]
For documentation on this error, please visit: https://www.selenium.dev/documentation/webdriver/troubleshooting/errors#nosuchelementexception
Build info: version: &amp;apos;4.36.0&amp;apos;, revision: &amp;apos;6d115cfd87&amp;apos;
System info: os.name: &amp;apos;Windows 10&amp;apos;, os.arch: &amp;apos;amd64&amp;apos;, os.version: &amp;apos;10.0&amp;apos;, java.version: &amp;apos;21.0.8&amp;apos;
Driver info: org.openqa.selenium.firefox.FirefoxDriver
Command: [a58cfeff-ef87-4902-969b-8199d3e3167d, findElement {value=//*[@id=&amp;apos;nav-cart123&amp;apos;], using=xpath}]
Capabilities {acceptInsecureCerts: true, browserName: firefox, browserVersion: 143.0.4, moz:accessibilityChecks: false, moz:buildID: 20251003115653, moz:geckodriverVersion: 0.36.0, moz:headless: false, moz:platformVersion: 10.0, moz:processID: 1900, moz:profile: C:\Users\NEHA\AppData\Local..., moz:shutdownTimeout: 60000, moz:webdriverClick: true, moz:windowless: false, pageLoadStrategy: normal, platformName: windows, proxy: Proxy(), setWindowRect: true, strictFileInteractability: false, timeouts: {implicit: 0, pageLoad: 300000, script: 30000}, unhandledPromptBehavior: dismiss and notify, userAgent: Mozilla/5.0 (Windows NT 10....}
Session ID: a58cfeff-ef87-4902-969b-8199d3e3167d">
      <![CDATA[org.openqa.selenium.NoSuchElementException: Unable to locate element: //*[@id='nav-cart123']
For documentation on this error, please visit: https://www.selenium.dev/documentation/webdriver/troubleshooting/errors#nosuchelementexception
Build info: version: '4.36.0', revision: '6d115cfd87'
System info: os.name: 'Windows 10', os.arch: 'amd64', os.version: '10.0', java.version: '21.0.8'
Driver info: org.openqa.selenium.firefox.FirefoxDriver
Command: [a58cfeff-ef87-4902-969b-8199d3e3167d, findElement {value=//*[@id='nav-cart123'], using=xpath}]
Capabilities {acceptInsecureCerts: true, browserName: firefox, browserVersion: 143.0.4, moz:accessibilityChecks: false, moz:buildID: 20251003115653, moz:geckodriverVersion: 0.36.0, moz:headless: false, moz:platformVersion: 10.0, moz:processID: 1900, moz:profile: C:\Users\NEHA\AppData\Local..., moz:shutdownTimeout: 60000, moz:webdriverClick: true, moz:windowless: false, pageLoadStrategy: normal, platformName: windows, proxy: Proxy(), setWindowRect: true, strictFileInteractability: false, timeouts: {implicit: 0, pageLoad: 300000, script: 30000}, unhandledPromptBehavior: dismiss and notify, userAgent: Mozilla/5.0 (Windows NT 10....}
Session ID: a58cfeff-ef87-4902-969b-8199d3e3167d
at org.openqa.selenium.remote.ErrorCodec.decode(ErrorCodec.java:167)
at org.openqa.selenium.remote.codec.w3c.W3CHttpResponseCodec.decode(W3CHttpResponseCodec.java:138)
at org.openqa.selenium.remote.codec.w3c.W3CHttpResponseCodec.decode(W3CHttpResponseCodec.java:50)
at org.openqa.selenium.remote.HttpCommandExecutor.execute(HttpCommandExecutor.java:215)
at org.openqa.selenium.remote.service.DriverCommandExecutor.invokeExecute(DriverCommandExecutor.java:216)
at org.openqa.selenium.remote.service.DriverCommandExecutor.execute(DriverCommandExecutor.java:174)
at org.openqa.selenium.remote.RemoteWebDriver.execute(RemoteWebDriver.java:557)
at org.openqa.selenium.remote.ElementLocation$ElementFinder$2.findElement(ElementLocation.java:165)
at org.openqa.selenium.remote.ElementLocation.findElement(ElementLocation.java:59)
at org.openqa.selenium.remote.RemoteWebDriver.findElement(RemoteWebDriver.java:380)
at org.openqa.selenium.remote.RemoteWebDriver.findElement(RemoteWebDriver.java:374)
at org.openqa.selenium.support.pagefactory.DefaultElementLocator.findElement(DefaultElementLocator.java:68)
at org.openqa.selenium.support.pagefactory.internal.LocatingElementHandler.invoke(LocatingElementHandler.java:38)
at jdk.proxy2/jdk.proxy2.$Proxy25.isDisplayed(Unknown Source)
at com.att13sep.pages.HomePage.isCartIconDisplayed(HomePage.java:35)
at com.att13Sep.uiappfeature.HomePageSteps.cart_icon_should_get_displayed(HomePageSteps.java:54)
at ✽.cart icon should get displayed(file:///C:/Users/NEHA/eclipse-workspace/ATT13septBDDcucumberBasics/src/test/resources/uiappfeature/Homepage.feature:11)
... Removed 3 stack frames]]>
    </failure>
  </testcase> <!-- runScenario -->
  <testcase classname="io.cucumber.testng.AbstractTestNGCucumberTests" name="runScenario" time="16.633">
    <failure type="java.lang.AssertionError" message="expected [true] but found [false]">
      <![CDATA[java.lang.AssertionError: expected [true] but found [false]
at com.att13Sep.uiappfeature.HomePageSteps.user_should_redirect_to_deal_page(HomePageSteps.java:73)
at ✽.user should redirect to deal page(file:///C:/Users/NEHA/eclipse-workspace/ATT13septBDDcucumberBasics/src/test/resources/uiappfeature/Homepage.feature:16)
... Removed 7 stack frames]]>
    </failure>
  </testcase> <!-- runScenario -->
  <testcase classname="io.cucumber.testng.AbstractTestNGCucumberTests" name="runScenario" time="23.69"/>
</testsuite> <!-- Test -->
