<?xml version="1.0" encoding="UTF-8"?>
<!-- Generated by org.testng.reporters.JUnitReportReporter -->
<testsuite hostname="LAPTOP-K1NIHIEC" failures="0" tests="3" name="runner.BackgroundKeywordProfileRunner" time="0.474" errors="0" timestamp="2025-10-12T16:57:00 IST" skipped="0">
  <testcase classname="runner.BackgroundKeywordProfileRunner" name="runScenario" time="0.031"/>
  <system-out/>
  <testcase classname="runner.BackgroundKeywordProfileRunner" name="runScenario" time="0.034"/>
  <system-out/>
  <testcase classname="runner.BackgroundKeywordProfileRunner" name="runScenario" time="0.409"/>
  <system-out/>
</testsuite> <!-- runner.BackgroundKeywordProfileRunner -->
