<?xml version="1.0" encoding="UTF-8"?>
<!-- Generated by org.testng.reporters.JUnitReportReporter -->
<testsuite hostname="LAPTOP-K1NIHIEC" failures="0" tests="3" name="runner.ProfileRunner" time="0.319" errors="0" timestamp="2025-09-29T23:51:31 IST" skipped="0">
  <testcase classname="runner.ProfileRunner" name="runScenario" time="0.011"/>
  <testcase classname="runner.ProfileRunner" name="runScenario" time="0.013"/>
  <testcase classname="runner.ProfileRunner" name="runScenario" time="0.295"/>
</testsuite> <!-- runner.ProfileRunner -->
