<?xml version="1.0" encoding="UTF-8"?>
<!-- Generated by org.testng.reporters.JUnitReportReporter -->
<testsuite hostname="LAPTOP-K1NIHIEC" failures="0" tests="3" name="com.att13Sept.uiappfeature.ApplicationTestRunner" time="0.529" errors="3" timestamp="2025-10-15T02:12:46 IST" skipped="0">
  <testcase classname="com.att13Sept.uiappfeature.ApplicationTestRunner" name="runScenario" time="0.019">
    <error message="The step &#039;user is at the landing page&#039; and 2 other step(s) are undefined.
You can implement these steps using the snippet(s) below:

@Given(&quot;user is at the landing page&quot;)
public void user_is_at_the_landing_page() {
    // Write code here that turns the phrase above into concrete actions
    throw new io.cucumber.java.PendingException();
}
@When(&quot;user clicks on soundbar deal&quot;)
public void user_clicks_on_soundbar_deal() {
    // Write code here that turns the phrase above into concrete actions
    throw new io.cucumber.java.PendingException();
}
@Then(&quot;user should redirect to deal page&quot;)
public void user_should_redirect_to_deal_page() {
    // Write code here that turns the phrase above into concrete actions
    throw new io.cucumber.java.PendingException();
}
" type="io.cucumber.testng.UndefinedStepException">
      <![CDATA[io.cucumber.testng.UndefinedStepException: The step 'user is at the landing page' and 2 other step(s) are undefined.
You can implement these steps using the snippet(s) below:

@Given("user is at the landing page")
public void user_is_at_the_landing_page() {
    // Write code here that turns the phrase above into concrete actions
    throw new io.cucumber.java.PendingException();
}
@When("user clicks on soundbar deal")
public void user_clicks_on_soundbar_deal() {
    // Write code here that turns the phrase above into concrete actions
    throw new io.cucumber.java.PendingException();
}
@Then("user should redirect to deal page")
public void user_should_redirect_to_deal_page() {
    // Write code here that turns the phrase above into concrete actions
    throw new io.cucumber.java.PendingException();
}

at ✽.user is at the landing page(file:///C:/Users/NEHA/eclipse-workspace/ATT13septBDDcucumberBasics/src/test/resources/uiappfeature/Homepage.feature:4)
]]>
    </error>
  </testcase> <!-- runScenario -->
  <system-out/>
  <testcase classname="com.att13Sept.uiappfeature.ApplicationTestRunner" name="runScenario" time="0.019">
    <error message="The step &#039;user is at the landing page&#039; and 1 other step(s) are undefined.
You can implement these steps using the snippet(s) below:

@Given(&quot;user is at the landing page&quot;)
public void user_is_at_the_landing_page() {
    // Write code here that turns the phrase above into concrete actions
    throw new io.cucumber.java.PendingException();
}
@Then(&quot;cart icon should get displayed&quot;)
public void cart_icon_should_get_displayed() {
    // Write code here that turns the phrase above into concrete actions
    throw new io.cucumber.java.PendingException();
}
" type="io.cucumber.testng.UndefinedStepException">
      <![CDATA[io.cucumber.testng.UndefinedStepException: The step 'user is at the landing page' and 1 other step(s) are undefined.
You can implement these steps using the snippet(s) below:

@Given("user is at the landing page")
public void user_is_at_the_landing_page() {
    // Write code here that turns the phrase above into concrete actions
    throw new io.cucumber.java.PendingException();
}
@Then("cart icon should get displayed")
public void cart_icon_should_get_displayed() {
    // Write code here that turns the phrase above into concrete actions
    throw new io.cucumber.java.PendingException();
}

at ✽.user is at the landing page(file:///C:/Users/NEHA/eclipse-workspace/ATT13septBDDcucumberBasics/src/test/resources/uiappfeature/Homepage.feature:4)
]]>
    </error>
  </testcase> <!-- runScenario -->
  <system-out/>
  <testcase classname="com.att13Sept.uiappfeature.ApplicationTestRunner" name="runScenario" time="0.491">
    <error message="The step &#039;user is at the landing page&#039; and 1 other step(s) are undefined.
You can implement these steps using the snippet(s) below:

@Given(&quot;user is at the landing page&quot;)
public void user_is_at_the_landing_page() {
    // Write code here that turns the phrase above into concrete actions
    throw new io.cucumber.java.PendingException();
}
@Then(&quot;page title should contains {string}&quot;)
public void page_title_should_contains(String string) {
    // Write code here that turns the phrase above into concrete actions
    throw new io.cucumber.java.PendingException();
}
" type="io.cucumber.testng.UndefinedStepException">
      <![CDATA[io.cucumber.testng.UndefinedStepException: The step 'user is at the landing page' and 1 other step(s) are undefined.
You can implement these steps using the snippet(s) below:

@Given("user is at the landing page")
public void user_is_at_the_landing_page() {
    // Write code here that turns the phrase above into concrete actions
    throw new io.cucumber.java.PendingException();
}
@Then("page title should contains {string}")
public void page_title_should_contains(String string) {
    // Write code here that turns the phrase above into concrete actions
    throw new io.cucumber.java.PendingException();
}

at ✽.user is at the landing page(file:///C:/Users/NEHA/eclipse-workspace/ATT13septBDDcucumberBasics/src/test/resources/uiappfeature/Homepage.feature:4)
]]>
    </error>
  </testcase> <!-- runScenario -->
  <system-out/>
</testsuite> <!-- com.att13Sept.uiappfeature.ApplicationTestRunner -->
