<?xml version="1.0" encoding="UTF-8"?>
<!-- Generated by org.testng.reporters.JUnitReportReporter -->
<testsuite hostname="LAPTOP-K1NIHIEC" failures="0" tests="4" name="runner.ScenarioOutlineRunner" time="0.336" errors="0" timestamp="2025-09-29T23:43:12 IST" skipped="0">
  <testcase classname="runner.ScenarioOutlineRunner" name="runScenario" time="0.017"/>
  <testcase classname="runner.ScenarioOutlineRunner" name="runScenario" time="0.292"/>
  <testcase classname="runner.ScenarioOutlineRunner" name="runScenario" time="0.013"/>
  <testcase classname="runner.ScenarioOutlineRunner" name="runScenario" time="0.014"/>
</testsuite> <!-- runner.ScenarioOutlineRunner -->
